android/app/build/intermediates/manifest_merge_blame_file/debug/manifest-merger-blame-debug-report.txt
1<?xml version="1.0" encoding="utf-8"?>
2<manifest xmlns:android="http://schemas.android.com/apk/res/android"
3    package="com.mapswork"
4    android:versionCode="1"
5    android:versionName="1.0" >
6
7    <uses-sdk
8        android:minSdkVersion="21"
9        android:targetSdkVersion="33" />
10
11    <uses-permission android:name="android.permission.SYSTEM_ALERT_WINDOW" />
11-->src\debug\AndroidManifest.xml:5:5-77
11-->src\debug\AndroidManifest.xml:5:22-75
12    <uses-permission android:name="android.permission.INTERNET" />
12-->src\main\AndroidManifest.xml:3:5-67
12-->src\main\AndroidManifest.xml:3:22-64
13    <uses-permission android:name="android.permission.ACCESS_FINE_LOCATION" />
13-->src\main\AndroidManifest.xml:4:5-79
13-->src\main\AndroidManifest.xml:4:22-76
14    <uses-permission android:name="android.permission.ACCESS_COARSE_LOCATION" />
14-->src\main\AndroidManifest.xml:5:5-81
14-->src\main\AndroidManifest.xml:5:22-78
15    <uses-permission android:name="android.permission.CAMERA" />
15-->src\main\AndroidManifest.xml:6:5-64
15-->src\main\AndroidManifest.xml:6:22-62
16
17    <uses-feature
17-->src\main\AndroidManifest.xml:7:5-85
18        android:name="android.hardware.camera"
18-->src\main\AndroidManifest.xml:7:19-57
19        android:required="false" />
19-->src\main\AndroidManifest.xml:7:58-82
20    <uses-feature
20-->src\main\AndroidManifest.xml:8:5-91
21        android:name="android.hardware.camera.front"
21-->src\main\AndroidManifest.xml:8:19-63
22        android:required="false" />
22-->src\main\AndroidManifest.xml:8:64-88
23
24    <uses-permission android:name="android.permission.ACCESS_WIFI_STATE" />
24-->[com.facebook.flipper:flipper:0.182.0] AndroidManifest.xml:16:5-76
24-->[com.facebook.flipper:flipper:0.182.0] AndroidManifest.xml:16:22-73
25
26    <queries>
26-->[:react-native-image-crop-picker] AndroidManifest.xml:7:5-11:15
27        <intent>
27-->[:react-native-image-crop-picker] AndroidManifest.xml:8:9-10:18
28            <action android:name="android.media.action.IMAGE_CAPTURE" />
28-->[:react-native-image-crop-picker] AndroidManifest.xml:9:13-73
28-->[:react-native-image-crop-picker] AndroidManifest.xml:9:21-70
29        </intent>
30        <!-- Needs to be explicitly declared on Android R+ -->
31        <package android:name="com.google.android.apps.maps" />
31-->[com.google.android.gms:play-services-maps:18.0.2] AndroidManifest.xml:33:9-64
31-->[com.google.android.gms:play-services-maps:18.0.2] AndroidManifest.xml:33:18-61
32    </queries>
33
34    <uses-permission android:name="android.permission.WRITE_EXTERNAL_STORAGE" />
34-->[:react-native-image-crop-picker] AndroidManifest.xml:13:5-81
34-->[:react-native-image-crop-picker] AndroidManifest.xml:13:22-78
35    <uses-permission android:name="android.permission.READ_EXTERNAL_STORAGE" /> <!-- Include required permissions for Google Maps API to run. -->
36    <uses-permission android:name="android.permission.ACCESS_NETWORK_STATE" />
36-->[com.google.android.gms:play-services-maps:18.0.2] AndroidManifest.xml:23:5-79
36-->[com.google.android.gms:play-services-maps:18.0.2] AndroidManifest.xml:23:22-76
37
38    <uses-feature
38-->[com.google.android.gms:play-services-maps:18.0.2] AndroidManifest.xml:26:5-28:35
39        android:glEsVersion="0x00020000"
39-->[com.google.android.gms:play-services-maps:18.0.2] AndroidManifest.xml:27:9-41
40        android:required="true" />
40-->[com.google.android.gms:play-services-maps:18.0.2] AndroidManifest.xml:28:9-32
41
42    <uses-permission android:name="android.permission.WAKE_LOCK" />
42-->[androidx.work:work-runtime:2.7.1] AndroidManifest.xml:25:5-68
42-->[androidx.work:work-runtime:2.7.1] AndroidManifest.xml:25:22-65
43    <uses-permission android:name="android.permission.RECEIVE_BOOT_COMPLETED" />
43-->[androidx.work:work-runtime:2.7.1] AndroidManifest.xml:27:5-81
43-->[androidx.work:work-runtime:2.7.1] AndroidManifest.xml:27:22-78
44    <uses-permission android:name="android.permission.FOREGROUND_SERVICE" />
44-->[androidx.work:work-runtime:2.7.1] AndroidManifest.xml:28:5-77
44-->[androidx.work:work-runtime:2.7.1] AndroidManifest.xml:28:22-74
45
46    <application
46-->src\main\AndroidManifest.xml:11:5-34:19
47        android:name="com.mapswork.MainApplication"
47-->src\main\AndroidManifest.xml:12:7-38
48        android:allowBackup="false"
48-->src\main\AndroidManifest.xml:16:7-34
49        android:appComponentFactory="androidx.core.app.CoreComponentFactory"
49-->[androidx.core:core:1.8.0] AndroidManifest.xml:24:18-86
50        android:debuggable="true"
51        android:icon="@mipmap/ic_launcher"
51-->src\main\AndroidManifest.xml:14:7-41
52        android:label="@string/app_name"
52-->src\main\AndroidManifest.xml:13:7-39
53        android:roundIcon="@mipmap/ic_launcher_round"
53-->src\main\AndroidManifest.xml:15:7-52
54        android:theme="@style/AppTheme"
54-->src\main\AndroidManifest.xml:17:7-38
55        android:usesCleartextTraffic="true" >
55-->src\debug\AndroidManifest.xml:8:9-44
56        <activity
56-->src\debug\AndroidManifest.xml:11:9-111
57            android:name="com.facebook.react.devsupport.DevSettingsActivity"
57-->src\debug\AndroidManifest.xml:11:19-83
58            android:exported="false" />
58-->src\debug\AndroidManifest.xml:11:84-108
59
60        <meta-data
60-->src\main\AndroidManifest.xml:18:7-20:63
61            android:name="com.google.android.geo.API_KEY"
61-->src\main\AndroidManifest.xml:19:6-51
62            android:value="AIzaSyB0O9UY0zhz5EK00bTr9roqQzik9Cmxxrc" />
62-->src\main\AndroidManifest.xml:20:6-61
63
64        <uses-library
64-->src\main\AndroidManifest.xml:21:9-87
65            android:name="org.apache.http.legacy"
65-->src\main\AndroidManifest.xml:21:23-60
66            android:required="false" />
66-->src\main\AndroidManifest.xml:21:61-85
67
68        <activity
68-->src\main\AndroidManifest.xml:22:7-33:18
69            android:name="com.mapswork.MainActivity"
69-->src\main\AndroidManifest.xml:23:9-37
70            android:configChanges="keyboard|keyboardHidden|orientation|screenLayout|screenSize|smallestScreenSize|uiMode"
70-->src\main\AndroidManifest.xml:25:9-118
71            android:exported="true"
71-->src\main\AndroidManifest.xml:28:9-32
72            android:label="@string/app_name"
72-->src\main\AndroidManifest.xml:24:9-41
73            android:launchMode="singleTask"
73-->src\main\AndroidManifest.xml:26:9-40
74            android:windowSoftInputMode="adjustResize" >
74-->src\main\AndroidManifest.xml:27:9-51
75            <intent-filter>
75-->src\main\AndroidManifest.xml:29:9-32:25
76                <action android:name="android.intent.action.MAIN" />
76-->src\main\AndroidManifest.xml:30:13-65
76-->src\main\AndroidManifest.xml:30:21-62
77
78                <category android:name="android.intent.category.LAUNCHER" />
78-->src\main\AndroidManifest.xml:31:13-73
78-->src\main\AndroidManifest.xml:31:23-70
79            </intent-filter>
80        </activity>
81
82        <provider
82-->[:react-native-image-crop-picker] AndroidManifest.xml:16:9-24:20
83            android:name="com.reactnative.ivpusic.imagepicker.IvpusicImagePickerFileProvider"
83-->[:react-native-image-crop-picker] AndroidManifest.xml:17:13-94
84            android:authorities="com.mapswork.provider"
84-->[:react-native-image-crop-picker] AndroidManifest.xml:18:13-60
85            android:exported="false"
85-->[:react-native-image-crop-picker] AndroidManifest.xml:19:13-37
86            android:grantUriPermissions="true" >
86-->[:react-native-image-crop-picker] AndroidManifest.xml:20:13-47
87            <meta-data
87-->[:react-native-image-crop-picker] AndroidManifest.xml:21:13-23:78
88                android:name="android.support.FILE_PROVIDER_PATHS"
88-->[:react-native-image-crop-picker] AndroidManifest.xml:22:17-67
89                android:resource="@xml/ivpusic_imagepicker_provider_paths" />
89-->[:react-native-image-crop-picker] AndroidManifest.xml:23:17-75
90        </provider>
91
92        <activity
92-->[:react-native-image-crop-picker] AndroidManifest.xml:26:9-28:72
93            android:name="com.yalantis.ucrop.UCropActivity"
93-->[:react-native-image-crop-picker] AndroidManifest.xml:27:13-60
94            android:theme="@style/Theme.AppCompat.Light.NoActionBar" />
94-->[:react-native-image-crop-picker] AndroidManifest.xml:28:13-69
95        <activity
95-->[com.google.android.gms:play-services-base:18.1.0] AndroidManifest.xml:20:9-22:45
96            android:name="com.google.android.gms.common.api.GoogleApiActivity"
96-->[com.google.android.gms:play-services-base:18.1.0] AndroidManifest.xml:20:19-85
97            android:exported="false"
97-->[com.google.android.gms:play-services-base:18.1.0] AndroidManifest.xml:22:19-43
98            android:theme="@android:style/Theme.Translucent.NoTitleBar" />
98-->[com.google.android.gms:play-services-base:18.1.0] AndroidManifest.xml:21:19-78
99
100        <meta-data
100-->[com.google.android.gms:play-services-basement:18.1.0] AndroidManifest.xml:21:9-23:69
101            android:name="com.google.android.gms.version"
101-->[com.google.android.gms:play-services-basement:18.1.0] AndroidManifest.xml:22:13-58
102            android:value="@integer/google_play_services_version" />
102-->[com.google.android.gms:play-services-basement:18.1.0] AndroidManifest.xml:23:13-66
103        <meta-data
103-->[com.facebook.soloader:soloader:0.10.5] AndroidManifest.xml:12:9-14:37
104            android:name="com.facebook.soloader.enabled"
104-->[com.facebook.soloader:soloader:0.10.5] AndroidManifest.xml:13:13-57
105            android:value="false" />
105-->[com.facebook.soloader:soloader:0.10.5] AndroidManifest.xml:14:13-34
106
107        <provider
107-->[androidx.work:work-runtime:2.7.1] AndroidManifest.xml:31:9-39:20
108            android:name="androidx.startup.InitializationProvider"
108-->[androidx.work:work-runtime:2.7.1] AndroidManifest.xml:32:13-67
109            android:authorities="com.mapswork.androidx-startup"
109-->[androidx.work:work-runtime:2.7.1] AndroidManifest.xml:33:13-68
110            android:exported="false" >
110-->[androidx.work:work-runtime:2.7.1] AndroidManifest.xml:34:13-37
111            <meta-data
111-->[androidx.work:work-runtime:2.7.1] AndroidManifest.xml:36:13-38:52
112                android:name="androidx.work.WorkManagerInitializer"
112-->[androidx.work:work-runtime:2.7.1] AndroidManifest.xml:37:17-68
113                android:value="androidx.startup" />
113-->[androidx.work:work-runtime:2.7.1] AndroidManifest.xml:38:17-49
114            <meta-data
114-->[androidx.emoji2:emoji2:1.2.0] AndroidManifest.xml:29:13-31:52
115                android:name="androidx.emoji2.text.EmojiCompatInitializer"
115-->[androidx.emoji2:emoji2:1.2.0] AndroidManifest.xml:30:17-75
116                android:value="androidx.startup" />
116-->[androidx.emoji2:emoji2:1.2.0] AndroidManifest.xml:31:17-49
117            <meta-data
117-->[androidx.lifecycle:lifecycle-process:2.4.1] AndroidManifest.xml:31:13-33:52
118                android:name="androidx.lifecycle.ProcessLifecycleInitializer"
118-->[androidx.lifecycle:lifecycle-process:2.4.1] AndroidManifest.xml:32:17-78
119                android:value="androidx.startup" />
119-->[androidx.lifecycle:lifecycle-process:2.4.1] AndroidManifest.xml:33:17-49
120        </provider>
121
122        <service
122-->[androidx.work:work-runtime:2.7.1] AndroidManifest.xml:41:9-46:35
123            android:name="androidx.work.impl.background.systemalarm.SystemAlarmService"
123-->[androidx.work:work-runtime:2.7.1] AndroidManifest.xml:42:13-88
124            android:directBootAware="false"
124-->[androidx.work:work-runtime:2.7.1] AndroidManifest.xml:43:13-44
125            android:enabled="@bool/enable_system_alarm_service_default"
125-->[androidx.work:work-runtime:2.7.1] AndroidManifest.xml:44:13-72
126            android:exported="false" />
126-->[androidx.work:work-runtime:2.7.1] AndroidManifest.xml:45:13-37
127        <service
127-->[androidx.work:work-runtime:2.7.1] AndroidManifest.xml:47:9-53:35
128            android:name="androidx.work.impl.background.systemjob.SystemJobService"
128-->[androidx.work:work-runtime:2.7.1] AndroidManifest.xml:48:13-84
129            android:directBootAware="false"
129-->[androidx.work:work-runtime:2.7.1] AndroidManifest.xml:49:13-44
130            android:enabled="@bool/enable_system_job_service_default"
130-->[androidx.work:work-runtime:2.7.1] AndroidManifest.xml:50:13-70
131            android:exported="true"
131-->[androidx.work:work-runtime:2.7.1] AndroidManifest.xml:51:13-36
132            android:permission="android.permission.BIND_JOB_SERVICE" />
132-->[androidx.work:work-runtime:2.7.1] AndroidManifest.xml:52:13-69
133        <service
133-->[androidx.work:work-runtime:2.7.1] AndroidManifest.xml:54:9-59:35
134            android:name="androidx.work.impl.foreground.SystemForegroundService"
134-->[androidx.work:work-runtime:2.7.1] AndroidManifest.xml:55:13-81
135            android:directBootAware="false"
135-->[androidx.work:work-runtime:2.7.1] AndroidManifest.xml:56:13-44
136            android:enabled="@bool/enable_system_foreground_service_default"
136-->[androidx.work:work-runtime:2.7.1] AndroidManifest.xml:57:13-77
137            android:exported="false" />
137-->[androidx.work:work-runtime:2.7.1] AndroidManifest.xml:58:13-37
138
139        <receiver
139-->[androidx.work:work-runtime:2.7.1] AndroidManifest.xml:61:9-66:35
140            android:name="androidx.work.impl.utils.ForceStopRunnable$BroadcastReceiver"
140-->[androidx.work:work-runtime:2.7.1] AndroidManifest.xml:62:13-88
141            android:directBootAware="false"
141-->[androidx.work:work-runtime:2.7.1] AndroidManifest.xml:63:13-44
142            android:enabled="true"
142-->[androidx.work:work-runtime:2.7.1] AndroidManifest.xml:64:13-35
143            android:exported="false" />
143-->[androidx.work:work-runtime:2.7.1] AndroidManifest.xml:65:13-37
144        <receiver
144-->[androidx.work:work-runtime:2.7.1] AndroidManifest.xml:67:9-77:20
145            android:name="androidx.work.impl.background.systemalarm.ConstraintProxy$BatteryChargingProxy"
145-->[androidx.work:work-runtime:2.7.1] AndroidManifest.xml:68:13-106
146            android:directBootAware="false"
146-->[androidx.work:work-runtime:2.7.1] AndroidManifest.xml:69:13-44
147            android:enabled="false"
147-->[androidx.work:work-runtime:2.7.1] AndroidManifest.xml:70:13-36
148            android:exported="false" >
148-->[androidx.work:work-runtime:2.7.1] AndroidManifest.xml:71:13-37
149            <intent-filter>
149-->[androidx.work:work-runtime:2.7.1] AndroidManifest.xml:73:13-76:29
150                <action android:name="android.intent.action.ACTION_POWER_CONNECTED" />
150-->[androidx.work:work-runtime:2.7.1] AndroidManifest.xml:74:17-87
150-->[androidx.work:work-runtime:2.7.1] AndroidManifest.xml:74:25-84
151                <action android:name="android.intent.action.ACTION_POWER_DISCONNECTED" />
151-->[androidx.work:work-runtime:2.7.1] AndroidManifest.xml:75:17-90
151-->[androidx.work:work-runtime:2.7.1] AndroidManifest.xml:75:25-87
152            </intent-filter>
153        </receiver>
154        <receiver
154-->[androidx.work:work-runtime:2.7.1] AndroidManifest.xml:78:9-88:20
155            android:name="androidx.work.impl.background.systemalarm.ConstraintProxy$BatteryNotLowProxy"
155-->[androidx.work:work-runtime:2.7.1] AndroidManifest.xml:79:13-104
156            android:directBootAware="false"
156-->[androidx.work:work-runtime:2.7.1] AndroidManifest.xml:80:13-44
157            android:enabled="false"
157-->[androidx.work:work-runtime:2.7.1] AndroidManifest.xml:81:13-36
158            android:exported="false" >
158-->[androidx.work:work-runtime:2.7.1] AndroidManifest.xml:82:13-37
159            <intent-filter>
159-->[androidx.work:work-runtime:2.7.1] AndroidManifest.xml:84:13-87:29
160                <action android:name="android.intent.action.BATTERY_OKAY" />
160-->[androidx.work:work-runtime:2.7.1] AndroidManifest.xml:85:17-77
160-->[androidx.work:work-runtime:2.7.1] AndroidManifest.xml:85:25-74
161                <action android:name="android.intent.action.BATTERY_LOW" />
161-->[androidx.work:work-runtime:2.7.1] AndroidManifest.xml:86:17-76
161-->[androidx.work:work-runtime:2.7.1] AndroidManifest.xml:86:25-73
162            </intent-filter>
163        </receiver>
164        <receiver
164-->[androidx.work:work-runtime:2.7.1] AndroidManifest.xml:89:9-99:20
165            android:name="androidx.work.impl.background.systemalarm.ConstraintProxy$StorageNotLowProxy"
165-->[androidx.work:work-runtime:2.7.1] AndroidManifest.xml:90:13-104
166            android:directBootAware="false"
166-->[androidx.work:work-runtime:2.7.1] AndroidManifest.xml:91:13-44
167            android:enabled="false"
167-->[androidx.work:work-runtime:2.7.1] AndroidManifest.xml:92:13-36
168            android:exported="false" >
168-->[androidx.work:work-runtime:2.7.1] AndroidManifest.xml:93:13-37
169            <intent-filter>
169-->[androidx.work:work-runtime:2.7.1] AndroidManifest.xml:95:13-98:29
170                <action android:name="android.intent.action.DEVICE_STORAGE_LOW" />
170-->[androidx.work:work-runtime:2.7.1] AndroidManifest.xml:96:17-83
170-->[androidx.work:work-runtime:2.7.1] AndroidManifest.xml:96:25-80
171                <action android:name="android.intent.action.DEVICE_STORAGE_OK" />
171-->[androidx.work:work-runtime:2.7.1] AndroidManifest.xml:97:17-82
171-->[androidx.work:work-runtime:2.7.1] AndroidManifest.xml:97:25-79
172            </intent-filter>
173        </receiver>
174        <receiver
174-->[androidx.work:work-runtime:2.7.1] AndroidManifest.xml:100:9-109:20
175            android:name="androidx.work.impl.background.systemalarm.ConstraintProxy$NetworkStateProxy"
175-->[androidx.work:work-runtime:2.7.1] AndroidManifest.xml:101:13-103
176            android:directBootAware="false"
176-->[androidx.work:work-runtime:2.7.1] AndroidManifest.xml:102:13-44
177            android:enabled="false"
177-->[androidx.work:work-runtime:2.7.1] AndroidManifest.xml:103:13-36
178            android:exported="false" >
178-->[androidx.work:work-runtime:2.7.1] AndroidManifest.xml:104:13-37
179            <intent-filter>
179-->[androidx.work:work-runtime:2.7.1] AndroidManifest.xml:106:13-108:29
180                <action android:name="android.net.conn.CONNECTIVITY_CHANGE" />
180-->[androidx.work:work-runtime:2.7.1] AndroidManifest.xml:107:17-79
180-->[androidx.work:work-runtime:2.7.1] AndroidManifest.xml:107:25-76
181            </intent-filter>
182        </receiver>
183        <receiver
183-->[androidx.work:work-runtime:2.7.1] AndroidManifest.xml:110:9-121:20
184            android:name="androidx.work.impl.background.systemalarm.RescheduleReceiver"
184-->[androidx.work:work-runtime:2.7.1] AndroidManifest.xml:111:13-88
185            android:directBootAware="false"
185-->[androidx.work:work-runtime:2.7.1] AndroidManifest.xml:112:13-44
186            android:enabled="false"
186-->[androidx.work:work-runtime:2.7.1] AndroidManifest.xml:113:13-36
187            android:exported="false" >
187-->[androidx.work:work-runtime:2.7.1] AndroidManifest.xml:114:13-37
188            <intent-filter>
188-->[androidx.work:work-runtime:2.7.1] AndroidManifest.xml:116:13-120:29
189                <action android:name="android.intent.action.BOOT_COMPLETED" />
189-->[androidx.work:work-runtime:2.7.1] AndroidManifest.xml:117:17-79
189-->[androidx.work:work-runtime:2.7.1] AndroidManifest.xml:117:25-76
190                <action android:name="android.intent.action.TIME_SET" />
190-->[androidx.work:work-runtime:2.7.1] AndroidManifest.xml:118:17-73
190-->[androidx.work:work-runtime:2.7.1] AndroidManifest.xml:118:25-70
191                <action android:name="android.intent.action.TIMEZONE_CHANGED" />
191-->[androidx.work:work-runtime:2.7.1] AndroidManifest.xml:119:17-81
191-->[androidx.work:work-runtime:2.7.1] AndroidManifest.xml:119:25-78
192            </intent-filter>
193        </receiver>
194        <receiver
194-->[androidx.work:work-runtime:2.7.1] AndroidManifest.xml:122:9-131:20
195            android:name="androidx.work.impl.background.systemalarm.ConstraintProxyUpdateReceiver"
195-->[androidx.work:work-runtime:2.7.1] AndroidManifest.xml:123:13-99
196            android:directBootAware="false"
196-->[androidx.work:work-runtime:2.7.1] AndroidManifest.xml:124:13-44
197            android:enabled="@bool/enable_system_alarm_service_default"
197-->[androidx.work:work-runtime:2.7.1] AndroidManifest.xml:125:13-72
198            android:exported="false" >
198-->[androidx.work:work-runtime:2.7.1] AndroidManifest.xml:126:13-37
199            <intent-filter>
199-->[androidx.work:work-runtime:2.7.1] AndroidManifest.xml:128:13-130:29
200                <action android:name="androidx.work.impl.background.systemalarm.UpdateProxies" />
200-->[androidx.work:work-runtime:2.7.1] AndroidManifest.xml:129:17-98
200-->[androidx.work:work-runtime:2.7.1] AndroidManifest.xml:129:25-95
201            </intent-filter>
202        </receiver>
203        <receiver
203-->[androidx.work:work-runtime:2.7.1] AndroidManifest.xml:132:9-142:20
204            android:name="androidx.work.impl.diagnostics.DiagnosticsReceiver"
204-->[androidx.work:work-runtime:2.7.1] AndroidManifest.xml:133:13-78
205            android:directBootAware="false"
205-->[androidx.work:work-runtime:2.7.1] AndroidManifest.xml:134:13-44
206            android:enabled="true"
206-->[androidx.work:work-runtime:2.7.1] AndroidManifest.xml:135:13-35
207            android:exported="true"
207-->[androidx.work:work-runtime:2.7.1] AndroidManifest.xml:136:13-36
208            android:permission="android.permission.DUMP" >
208-->[androidx.work:work-runtime:2.7.1] AndroidManifest.xml:137:13-57
209            <intent-filter>
209-->[androidx.work:work-runtime:2.7.1] AndroidManifest.xml:139:13-141:29
210                <action android:name="androidx.work.diagnostics.REQUEST_DIAGNOSTICS" />
210-->[androidx.work:work-runtime:2.7.1] AndroidManifest.xml:140:17-88
210-->[androidx.work:work-runtime:2.7.1] AndroidManifest.xml:140:25-85
211            </intent-filter>
212        </receiver>
213
214        <service
214-->[androidx.room:room-runtime:2.2.5] AndroidManifest.xml:25:9-28:40
215            android:name="androidx.room.MultiInstanceInvalidationService"
215-->[androidx.room:room-runtime:2.2.5] AndroidManifest.xml:26:13-74
216            android:directBootAware="true"
216-->[androidx.room:room-runtime:2.2.5] AndroidManifest.xml:27:13-43
217            android:exported="false" />
217-->[androidx.room:room-runtime:2.2.5] AndroidManifest.xml:28:13-37
218    </application>
219
220</manifest>